time,n_maps,n_reduces,n_shuffles
0.01600,1,0,0
0.04900,2,0,0
0.08100,3,0,0
0.11400,4,0,0
0.14600,5,0,0
0.17900,6,0,0
0.21100,7,0,0
0.24400,8,0,0
0.27600,9,0,0
0.30900,10,0,0
0.34200,11,0,0
0.37400,12,0,0
0.40700,13,0,0
0.43900,14,0,0
0.47200,15,0,0
0.50400,16,0,0
0.53700,17,0,0
0.56900,18,0,0
0.60200,19,0,0
0.63400,20,0,0
0.66700,21,0,0
0.69900,22,0,0
0.73200,23,0,0
0.76400,24,0,0
0.79700,25,0,0
0.82900,26,0,0
0.86200,27,0,0
0.89400,28,0,0
0.92700,29,0,0
0.95900,30,0,0
0.99200,31,0,0
1.02500,32,0,0
3.03300,33,0,0
3.06500,34,0,0
3.09800,35,0,0
3.13000,36,0,0
3.16300,37,0,0
3.19500,38,0,0
3.22800,39,0,0
3.26000,40,0,0
3.29300,41,0,0
3.32500,42,0,0
3.35800,43,0,0
3.39000,44,0,0
3.42300,45,0,0
3.45500,46,0,0
3.48800,47,0,0
3.52000,48,0,0
3.55300,49,0,0
3.58500,50,0,0
3.61800,51,0,0
3.65000,52,0,0
3.68300,53,0,0
3.71600,54,0,0
3.74800,55,0,0
3.78100,56,0,0
3.81300,57,0,0
3.84600,58,0,0
3.87800,59,0,0
3.91100,60,0,0
3.94300,61,0,0
3.97600,62,0,0
4.00800,63,0,0
4.04100,64,0,0
6.55300,64,0,0
6.58500,63,0,0
6.61800,62,0,0
6.65000,61,0,0
6.68300,60,0,0
6.71600,59,0,0
6.74800,58,0,0
6.78100,57,0,0
6.81300,56,0,0
6.84600,55,0,0
6.87800,54,0,0
6.91100,53,0,0
6.94300,52,0,0
6.97600,51,0,0
7.00800,50,0,0
7.04100,49,0,0
7.07300,48,0,0
7.09100,47,0,0
7.12400,46,0,0
7.15600,45,0,0
7.18900,44,0,0
7.22100,43,0,0
7.25400,42,0,0
7.28600,41,0,0
7.31900,40,0,0
7.35100,39,0,0
7.38400,38,0,0
7.41700,37,0,0
7.44900,36,0,0
7.48200,35,0,0
7.51400,34,0,0
7.54700,33,0,0
9.06500,33,0,0
9.08100,33,0,1
9.11400,34,0,1
9.13000,34,0,2
9.16300,35,0,2
9.17900,35,0,3
9.21100,36,0,3
9.22800,36,0,4
9.26000,37,0,4
9.27600,37,0,5
9.30900,38,0,5
9.32500,38,0,6
9.35800,39,0,6
9.37400,39,0,7
9.40700,40,0,7
9.42300,40,0,8
9.45500,41,0,8
9.47200,41,0,9
9.50400,42,0,9
9.52000,42,0,10
9.55300,43,0,10
9.56900,43,0,11
9.60200,44,0,11
9.61800,44,0,12
9.65000,45,0,12
9.66700,45,0,13
9.69900,46,0,13
9.71600,46,0,14
9.74800,47,0,14
9.76400,47,0,15
9.79700,48,0,15
9.81300,48,0,16
9.84600,48,0,16
9.86200,48,0,16
9.87800,48,0,17
9.91100,48,0,17
9.92700,48,0,17
9.94300,48,0,18
9.97600,48,0,18
9.99200,48,0,18
10.00800,48,0,19
10.04100,48,0,19
10.05700,48,0,19
10.07300,48,0,20
10.10600,48,0,20
10.12200,48,0,20
10.13800,48,0,21
10.17100,48,0,21
10.18700,48,0,21
10.20300,48,0,22
10.23600,48,0,22
10.25200,48,0,22
10.26800,48,0,23
10.30100,48,0,23
10.31700,48,0,23
10.33400,48,0,24
10.36600,48,0,24
10.38200,48,0,24
10.39900,48,0,25
10.43100,48,0,25
10.44700,48,0,25
10.46400,48,0,26
10.49600,48,0,26
10.51200,48,0,26
10.52900,48,0,27
10.56100,48,0,27
10.57700,48,0,27
10.59400,48,0,28
10.62600,48,0,28
10.64300,48,0,28
10.65900,48,0,29
10.69100,48,0,29
10.70800,48,0,29
10.72400,48,0,30
10.75600,48,0,30
10.77300,48,0,30
10.78900,48,0,31
10.82100,48,0,31
10.83800,48,0,31
10.85400,48,0,32
10.88600,48,0,32
10.90300,47,0,32
10.91900,46,0,32
10.93500,45,0,32
10.95100,44,0,32
10.96800,43,0,32
10.98400,42,0,32
11.00000,41,0,32
11.01700,40,0,32
11.03300,39,0,32
11.04900,38,0,32
11.06500,37,0,32
11.08200,36,0,32
11.09800,35,0,32
11.11400,34,0,32
11.13000,33,0,32
12.08100,33,0,32
12.09800,33,0,33
12.13000,34,0,33
12.14600,34,0,34
12.17900,35,0,34
12.19500,35,0,35
12.22800,36,0,35
12.24400,36,0,36
12.27600,37,0,36
12.29300,37,0,37
12.32500,38,0,37
12.34200,38,0,38
12.37400,39,0,38
12.39000,39,0,39
12.42300,40,0,39
12.43900,40,0,40
12.47200,41,0,40
12.48800,41,0,41
12.52000,42,0,41
12.53700,42,0,42
12.56900,43,0,42
12.58500,43,0,43
12.61800,44,0,43
12.63400,44,0,44
12.66700,45,0,44
12.68300,45,0,45
12.71600,46,0,45
12.73200,46,0,46
12.76400,47,0,46
12.78100,47,0,47
12.81300,48,0,47
12.82900,48,0,48
12.87800,49,0,48
12.89400,49,0,49
12.94300,50,0,49
12.95900,50,0,50
13.00800,51,0,50
13.02500,51,0,51
13.07300,52,0,51
13.09000,52,0,52
13.13800,53,0,52
13.15500,53,0,53
13.20300,54,0,53
13.22000,54,0,54
13.26800,55,0,54
13.28500,55,0,55
13.33400,56,0,55
13.35000,56,0,56
13.39900,57,0,56
13.41500,57,0,57
13.46400,58,0,57
13.48000,58,0,58
13.52900,59,0,58
13.54500,59,0,59
13.59400,60,0,59
13.61000,60,0,60
13.65900,61,0,60
13.67500,61,0,61
13.72400,62,0,61
13.74000,62,0,62
13.78900,63,0,62
13.80500,63,0,63
13.85400,64,0,63
13.87000,64,0,64
15.60200,64,0,64
15.65000,63,0,64
15.69900,62,0,64
15.74800,61,0,64
15.79700,60,0,64
15.84600,59,0,64
15.88000,58,0,64
15.92900,57,0,64
15.97700,56,0,64
16.04100,55,0,64
16.07500,54,0,64
16.12400,53,0,64
16.17300,52,0,64
16.23600,51,0,64
16.27000,50,0,64
16.31900,49,0,64
16.38400,48,0,64
16.44900,47,0,64
16.51400,46,0,64
16.57900,45,0,64
16.64400,44,0,64
16.70900,43,0,64
16.77400,42,0,64
16.83900,41,0,64
16.90400,40,0,64
16.96900,39,0,64
17.03400,38,0,64
17.10000,37,0,64
17.16500,36,0,64
17.23000,35,0,64
17.29500,34,0,64
17.36000,33,0,64
18.11400,33,0,64
18.16300,34,0,64
18.21100,35,0,64
18.26000,36,0,64
18.30900,37,0,64
18.35800,38,0,64
18.40700,39,0,64
18.45500,40,0,64
18.50400,41,0,64
18.55300,42,0,64
18.60200,43,0,64
18.63400,43,0,64
18.65000,43,0,64
18.68300,43,0,64
18.69900,43,0,64
18.73200,43,0,64
18.74800,43,0,64
18.78100,43,0,64
18.79700,43,0,64
18.82900,43,0,64
18.84600,43,0,64
18.87800,43,0,64
18.89600,42,0,64
18.91200,42,0,64
18.94500,42,0,64
18.97600,42,0,64
19.00800,42,0,64
19.04100,42,0,64
19.07300,42,0,64
19.09100,41,0,64
19.10800,41,0,64
19.14000,41,0,64
19.17100,41,0,64
19.20300,41,0,64
19.23600,41,0,64
19.26800,41,0,64
19.28600,40,0,64
19.30300,40,0,64
19.33500,40,0,64
19.36600,40,0,64
19.40000,40,0,64
19.43100,40,0,64
19.46500,40,0,64
19.49600,40,0,64
19.53000,40,0,64
19.56100,40,0,64
19.59500,40,0,64
19.62600,40,0,64
19.66000,40,0,64
19.69100,40,0,64
19.72600,40,0,64
19.75600,40,0,64
19.79100,40,0,64
19.82100,40,0,64
19.85600,40,0,64
19.88600,40,0,64
19.92100,40,0,64
19.98600,39,0,64
20.05100,38,0,64
20.11600,37,0,64
20.18100,36,0,64
20.24600,35,0,64
20.31100,34,0,64
20.37600,33,0,64
21.13000,33,0,64
21.17900,34,0,64
21.22800,35,0,64
21.27600,36,0,64
21.32500,37,0,64
21.37400,38,0,64
21.42300,39,0,64
21.47200,40,0,64
21.52000,41,0,64
21.56900,42,0,64
21.61800,43,0,64
21.66700,44,0,64
21.71600,45,0,64
21.76400,46,0,64
21.81300,47,0,64
21.86200,48,0,64
21.92900,49,0,64
21.99200,50,0,64
22.05700,51,0,64
22.12400,52,0,64
22.18700,53,0,64
22.25200,54,0,64
22.31900,55,0,64
22.38200,56,0,64
22.44700,57,0,64
22.51200,58,0,64
22.57700,59,0,64
22.64300,60,0,64
22.70800,61,0,64
22.77300,62,0,64
22.83800,63,0,64
22.90300,64,0,64
24.65000,64,0,64
24.69900,63,0,64
24.74800,62,0,64
24.79700,61,0,64
24.84600,60,0,64
24.89400,59,0,64
24.92900,58,0,64
24.97700,57,0,64
25.02600,56,0,64
25.09000,55,0,64
25.12400,54,0,64
25.17300,53,0,64
25.22100,52,0,64
25.28500,51,0,64
25.31900,50,0,64
25.36800,49,0,64
25.43400,48,0,64
25.49800,47,0,64
25.56300,46,0,64
25.63000,45,0,64
25.69300,44,0,64
25.75800,43,0,64
25.82500,42,0,64
25.88800,41,0,64
25.95300,40,0,64
26.01800,39,0,64
26.08300,38,0,64
26.14800,37,0,64
26.21300,36,0,64
26.27800,35,0,64
26.34300,34,0,64
26.40900,33,0,64
27.16300,33,0,64
27.21100,34,0,64
27.26000,35,0,64
27.30900,36,0,64
27.35800,37,0,64
27.40700,38,0,64
27.45500,39,0,64
27.50400,40,0,64
27.55300,41,0,64
27.60200,42,0,64
27.65000,43,0,64
27.68300,43,0,64
27.69900,43,0,64
27.73200,43,0,64
27.74800,43,0,64
27.78100,43,0,64
27.79700,43,0,64
27.82900,43,0,64
27.84600,43,0,64
27.87800,43,0,64
27.89400,43,0,64
27.92700,43,0,64
27.94500,42,0,64
27.96100,42,0,64
27.99400,42,0,64
28.02500,42,0,64
28.05700,42,0,64
28.09000,42,0,64
28.12200,42,0,64
28.14000,41,0,64
28.15600,41,0,64
28.18900,41,0,64
28.22000,41,0,64
28.25200,41,0,64
28.28500,41,0,64
28.31700,41,0,64
28.33500,40,0,64
28.35100,40,0,64
28.38400,40,0,64
28.41500,40,0,64
28.45100,40,0,64
28.48000,40,0,64
28.51400,40,0,64
28.54500,40,0,64
28.57900,40,0,64
28.61000,40,0,64
28.64600,40,0,64
28.67500,40,0,64
28.70900,40,0,64
28.74000,40,0,64
28.77400,40,0,64
28.80500,40,0,64
28.84100,40,0,64
28.87000,40,0,64
28.90400,40,0,64
28.93500,40,0,64
28.96900,40,0,64
29.03400,39,0,64
29.10000,38,0,64
29.16500,37,0,64
29.23000,36,0,64
29.29500,35,0,64
29.36000,34,0,64
29.42500,33,0,64
30.17900,33,0,64
30.22800,34,0,64
30.27600,35,0,64
30.32500,36,0,64
30.37400,37,0,64
30.42300,38,0,64
30.47200,39,0,64
30.52000,40,0,64
30.56900,41,0,64
30.61800,42,0,64
30.66700,43,0,64
30.71600,44,0,64
30.76400,45,0,64
30.81300,46,0,64
30.86200,47,0,64
30.91100,48,0,64
30.97700,49,0,64
31.04100,50,0,64
31.10600,51,0,64
31.17300,52,0,64
31.23600,53,0,64
31.30100,54,0,64
31.36800,55,0,64
31.43100,56,0,64
31.49600,57,0,64
31.56100,58,0,64
31.62600,59,0,64
31.69100,60,0,64
31.75600,61,0,64
31.82100,62,0,64
31.88600,63,0,64
31.95100,64,0,64
33.69900,64,0,64
33.74800,63,0,64
33.79700,62,0,64
33.84600,61,0,64
33.89400,60,0,64
33.94300,59,0,64
33.97700,58,0,64
34.02600,57,0,64
34.07500,56,0,64
34.13800,55,0,64
34.17300,54,0,64
34.22100,53,0,64
34.27000,52,0,64
34.33400,51,0,64
34.36800,50,0,64
34.41700,49,0,64
34.48300,48,0,64
34.54700,47,0,64
34.61200,46,0,64
34.67800,45,0,64
34.74200,44,0,64
34.80700,43,0,64
34.87400,42,0,64
34.93700,41,0,64
35.00200,40,0,64
35.06700,39,0,64
35.13200,38,0,64
35.19700,37,0,64
35.26200,36,0,64
35.32700,35,0,64
35.39200,34,0,64
35.45700,33,0,64
36.21100,33,0,64
36.26000,34,0,64
36.30900,35,0,64
36.35800,36,0,64
36.40700,37,0,64
36.45500,38,0,64
36.50400,39,0,64
36.55300,40,0,64
36.60200,41,0,64
36.65000,42,0,64
36.69900,43,0,64
36.73200,43,0,64
36.74800,43,0,64
36.78100,43,0,64
36.79700,43,0,64
36.82900,43,0,64
36.84600,43,0,64
36.87800,43,0,64
36.89400,43,0,64
36.92700,43,0,64
36.94300,43,0,64
36.97600,43,0,64
36.99400,42,0,64
37.01000,42,0,64
37.04200,42,0,64
37.07300,42,0,64
37.10600,42,0,64
37.13800,42,0,64
37.17100,42,0,64
37.18900,41,0,64
37.20500,41,0,64
37.23800,41,0,64
37.26800,41,0,64
37.30100,41,0,64
37.33400,41,0,64
37.36600,41,0,64
37.38400,40,0,64
37.40000,40,0,64
37.43300,40,0,64
37.46400,40,0,64
37.50000,40,0,64
37.52900,40,0,64
37.56300,40,0,64
37.59400,40,0,64
37.62800,40,0,64
37.65900,40,0,64
37.69500,40,0,64
37.72400,40,0,64
37.75800,40,0,64
37.78900,40,0,64
37.82300,40,0,64
37.85400,40,0,64
37.89000,40,0,64
37.91900,40,0,64
37.95300,40,0,64
37.98400,40,0,64
38.01800,40,0,64
38.08300,39,0,64
38.14800,38,0,64
38.21300,37,0,64
38.27800,36,0,64
38.34300,35,0,64
38.40900,34,0,64
38.47400,33,0,64
39.22800,33,0,64
39.27600,34,0,64
39.32500,35,0,64
39.37400,36,0,64
39.42300,37,0,64
39.47200,38,0,64
39.52000,39,0,64
39.56900,40,0,64
39.61800,41,0,64
39.66700,42,0,64
39.71600,43,0,64
39.76400,44,0,64
39.81300,45,0,64
39.86200,46,0,64
39.91100,47,0,64
39.95900,48,0,64
40.02600,49,0,64
40.09000,50,0,64
40.15500,51,0,64
40.22100,52,0,64
40.28500,53,0,64
40.35000,54,0,64
40.41700,55,0,64
40.48000,56,0,64
40.54500,57,0,64
40.61000,58,0,64
40.67500,59,0,64
40.74000,60,0,64
40.80500,61,0,64
40.87000,62,0,64
40.93500,63,0,64
41.00000,64,0,64
42.74800,64,0,64
42.79700,63,0,64
42.84600,62,0,64
42.89400,61,0,64
42.94300,60,0,64
42.99200,59,0,64
43.02600,58,0,64
43.07500,57,0,64
43.12400,56,0,64
43.18700,55,0,64
43.22100,54,0,64
43.27000,53,0,64
43.31900,52,0,64
43.38200,51,0,64
43.41700,50,0,64
43.46500,49,0,64
43.53200,48,0,64
43.59500,47,0,64
43.66000,46,0,64
43.72700,45,0,64
43.79100,44,0,64
43.85600,43,0,64
43.92200,42,0,64
43.98600,41,0,64
44.05100,40,0,64
44.11600,39,0,64
44.18100,38,0,64
44.24600,37,0,64
44.31100,36,0,64
44.37600,35,0,64
44.44100,34,0,64
44.50600,33,0,64
45.26000,33,0,64
45.30900,34,0,64
45.35800,35,0,64
45.40700,36,0,64
45.45500,37,0,64
45.50400,38,0,64
45.55300,39,0,64
45.60200,40,0,64
45.65000,41,0,64
45.69900,42,0,64
45.74800,43,0,64
45.78100,43,0,64
45.79700,43,0,64
45.82900,43,0,64
45.84600,43,0,64
45.87800,43,0,64
45.89400,43,0,64
45.92700,43,0,64
45.94300,43,0,64
45.97600,43,0,64
45.99200,43,0,64
46.02500,43,0,64
46.04200,42,0,64
46.05900,42,0,64
46.09100,42,0,64
46.12200,42,0,64
46.15500,42,0,64
46.18700,42,0,64
46.22000,42,0,64
46.23800,41,0,64
46.25400,41,0,64
46.28600,41,0,64
46.31700,41,0,64
46.35000,41,0,64
46.38200,41,0,64
46.41500,41,0,64
46.43300,40,0,64
46.44900,40,0,64
46.48200,40,0,64
46.51200,40,0,64
46.54800,40,0,64
46.57700,40,0,64
46.61200,40,0,64
46.64300,40,0,64
46.67700,40,0,64
46.70800,40,0,64
46.74300,40,0,64
46.77300,40,0,64
46.80700,40,0,64
46.83800,40,0,64
46.87200,40,0,64
46.90300,40,0,64
46.93900,40,0,64
46.96800,40,0,64
47.00200,40,0,64
47.03300,40,0,64
47.06700,40,0,64
47.13200,39,0,64
47.19700,38,0,64
47.26200,37,0,64
47.32700,36,0,64
47.39200,35,0,64
47.45700,34,0,64
47.52200,33,0,64
48.27600,33,0,64
48.32500,34,0,64
48.37400,35,0,64
48.42300,36,0,64
48.47200,37,0,64
48.52000,38,0,64
48.56900,39,0,64
48.61800,40,0,64
48.66700,41,0,64
48.71600,42,0,64
48.76400,43,0,64
48.81300,44,0,64
48.86200,45,0,64
48.91100,46,0,64
48.95900,47,0,64
49.00800,48,0,64
49.07500,49,0,64
49.13800,50,0,64
49.20300,51,0,64
49.27000,52,0,64
49.33400,53,0,64
49.39900,54,0,64
49.46500,55,0,64
49.52900,56,0,64
49.59400,57,0,64
49.65900,58,0,64
49.72400,59,0,64
49.78900,60,0,64
49.85400,61,0,64
49.91900,62,0,64
49.98400,63,0,64
50.04900,64,0,64
51.79700,64,0,64
51.84600,63,0,64
51.89400,62,0,64
51.94300,61,0,64
51.99200,60,0,64
52.04100,59,0,64
52.07500,58,0,64
52.12400,57,0,64
52.17300,56,0,64
52.23600,55,0,64
52.27000,54,0,64
52.31900,53,0,64
52.36800,52,0,64
52.43100,51,0,64
52.46500,50,0,64
52.51400,49,0,64
52.58100,48,0,64
52.64400,47,0,64
52.70900,46,0,64
52.77600,45,0,64
52.83900,44,0,64
52.90400,43,0,64
52.97100,42,0,64
53.03400,41,0,64
53.10000,40,0,64
53.16500,39,0,64
53.23000,38,0,64
53.29500,37,0,64
53.36000,36,0,64
53.42500,35,0,64
53.49000,34,0,64
53.55500,33,0,64
54.30900,33,0,64
54.35800,34,0,64
54.40700,35,0,64
54.45500,36,0,64
54.50400,37,0,64
54.55300,38,0,64
54.60200,39,0,64
54.65000,40,0,64
54.69900,41,0,64
54.74800,42,0,64
54.79700,43,0,64
54.82900,43,0,64
54.84600,43,0,64
54.87800,43,0,64
54.89400,43,0,64
54.92700,43,0,64
54.94300,43,0,64
54.97600,43,0,64
54.99200,43,0,64
55.02500,43,0,64
55.04100,43,0,64
55.07300,43,0,64
55.09100,42,0,64
55.10800,42,0,64
55.14000,42,0,64
55.17100,42,0,64
55.20300,42,0,64
55.23600,42,0,64
55.26800,42,0,64
55.28600,41,0,64
55.30300,41,0,64
55.33500,41,0,64
55.36600,41,0,64
55.39900,41,0,64
55.43100,41,0,64
55.46400,41,0,64
55.48200,40,0,64
55.49800,40,0,64
55.53000,40,0,64
55.56100,40,0,64
55.59700,40,0,64
55.62600,40,0,64
55.66000,40,0,64
55.69100,40,0,64
55.72600,40,0,64
55.75600,40,0,64
55.79200,40,0,64
55.82100,40,0,64
55.85600,40,0,64
55.88600,40,0,64
55.92100,40,0,64
55.95100,40,0,64
55.98700,40,0,64
56.01700,40,0,64
56.05100,40,0,64
56.08200,40,0,64
56.11600,40,0,64
56.18100,39,0,64
56.24600,38,0,64
56.31100,37,0,64
56.37600,36,0,64
56.44100,35,0,64
56.50600,34,0,64
56.57100,33,0,64
57.32500,33,0,64
57.37400,34,0,64
57.42300,35,0,64
57.47200,36,0,64
57.52000,37,0,64
57.56900,38,0,64
57.61800,39,0,64
57.66700,40,0,64
57.71600,41,0,64
57.76400,42,0,64
57.81300,43,0,64
57.86200,44,0,64
57.91100,45,0,64
57.95900,46,0,64
58.00800,47,0,64
58.05700,48,0,64
58.12400,49,0,64
58.18700,50,0,64
58.25200,51,0,64
58.31900,52,0,64
58.38200,53,0,64
58.44700,54,0,64
58.51400,55,0,64
58.57700,56,0,64
58.64300,57,0,64
58.70800,58,0,64
58.77300,59,0,64
58.83800,60,0,64
58.90300,61,0,64
58.96800,62,0,64
59.03300,63,0,64
59.09800,64,0,64
60.84600,64,0,64
60.89400,63,0,64
60.94300,62,0,64
60.99200,61,0,64
61.04100,60,0,64
61.09000,59,0,64
61.12400,58,0,64
61.17300,57,0,64
61.22100,56,0,64
61.28500,55,0,64
61.31900,54,0,64
61.36800,53,0,64
61.41700,52,0,64
61.48000,51,0,64
61.51400,50,0,64
61.56300,49,0,64
61.63000,48,0,64
61.69300,47,0,64
61.75800,46,0,64
61.82500,45,0,64
61.88800,44,0,64
61.95300,43,0,64
62.02000,42,0,64
62.08300,41,0,64
62.14800,40,0,64
62.21300,39,0,64
62.27800,38,0,64
62.34300,37,0,64
62.40900,36,0,64
62.47400,35,0,64
62.53900,34,0,64
62.60400,33,0,64
63.35800,33,0,64
63.40700,34,0,64
63.45500,35,0,64
63.50400,36,0,64
63.55300,37,0,64
63.60200,38,0,64
63.65000,39,0,64
63.69900,40,0,64
63.74800,41,0,64
63.79700,42,0,64
63.84600,43,0,64
63.87800,43,0,64
63.89400,43,0,64
63.92700,43,0,64
63.94300,43,0,64
63.97600,43,0,64
63.99200,43,0,64
64.02500,43,0,64
64.04100,43,0,64
64.07300,43,0,64
64.09000,43,0,64
64.12200,43,0,64
64.14000,42,0,64
64.15600,42,0,64
64.18900,42,0,64
64.22000,42,0,64
64.25200,42,0,64
64.28500,42,0,64
64.31700,42,0,64
64.33500,41,0,64
64.35100,41,0,64
64.38400,41,0,64
64.41500,41,0,64
64.44700,41,0,64
64.48000,41,0,64
64.51200,41,0,64
64.53000,40,0,64
64.54700,40,0,64
64.57900,40,0,64
64.61000,40,0,64
64.64600,40,0,64
64.67500,40,0,64
64.70900,40,0,64
64.74000,40,0,64
64.77400,40,0,64
64.80500,40,0,64
64.84100,40,0,64
64.87000,40,0,64
64.90400,40,0,64
64.93500,40,0,64
64.96900,40,0,64
65.00000,40,0,64
65.03600,40,0,64
65.06500,40,0,64
65.10000,40,0,64
65.13000,40,0,64
65.16500,40,0,64
65.23000,39,0,64
65.29500,38,0,64
65.36000,37,0,64
65.42500,36,0,64
65.49000,35,0,64
65.55500,34,0,64
65.62000,33,0,64
66.37400,33,0,64
66.42300,34,0,64
66.47200,35,0,64
66.52000,36,0,64
66.56900,37,0,64
66.61800,38,0,64
66.66700,39,0,64
66.71600,40,0,64
66.76400,41,0,64
66.81300,42,0,64
66.86200,43,0,64
66.91100,44,0,64
66.95900,45,0,64
67.00800,46,0,64
67.05700,47,0,64
67.10600,48,0,64
67.17300,49,0,64
67.23600,50,0,64
67.30100,51,0,64
67.36800,52,0,64
67.43100,53,0,64
67.49600,54,0,64
67.56300,55,0,64
67.62600,56,0,64
67.69100,57,0,64
67.75600,58,0,64
67.82100,59,0,64
67.88600,60,0,64
67.95200,61,0,64
68.01700,62,0,64
68.08200,63,0,64
68.14700,64,0,64
69.89400,64,0,64
69.94300,63,0,64
69.99200,62,0,64
70.04100,61,0,64
70.09000,60,0,64
70.13800,59,0,64
70.17300,58,0,64
70.22100,57,0,64
70.27000,56,0,64
70.33400,55,0,64
70.36800,54,0,64
70.41700,53,0,64
70.46500,52,0,64
70.52900,51,0,64
70.56300,50,0,64
70.61200,49,0,64
70.67800,48,0,64
70.74200,47,0,64
70.80700,46,0,64
70.87400,45,0,64
70.93700,44,0,64
71.00200,43,0,64
71.06900,42,0,64
71.13200,41,0,64
71.19700,40,0,64
71.26200,39,0,64
71.32700,38,0,64
71.39200,37,0,64
71.45700,36,0,64
71.52200,35,0,64
71.58700,34,0,64
71.65200,33,0,64
72.91100,32,0,64
72.95900,31,0,64
73.00800,30,0,64
73.05700,29,0,64
73.10600,28,0,64
73.15500,27,0,64
73.18900,26,0,64
73.23800,25,0,64
73.28600,24,0,64
73.35000,23,0,64
73.38400,22,0,64
73.43300,21,0,64
73.48200,20,0,64
73.54500,19,0,64
73.57900,18,0,64
73.62800,17,0,64
73.69500,16,0,64
73.75800,15,0,64
73.82300,14,0,64
73.89000,13,0,64
73.95300,12,0,64
74.01800,11,0,64
74.08500,10,0,64
74.14800,9,0,64
74.21300,8,0,64
74.27800,7,0,64
74.34300,6,0,64
74.40900,5,0,64
74.47400,4,0,64
74.53900,3,0,64
74.60400,2,0,64
74.66900,1,0,64
78.91400,0,1,64
78.94400,0,2,63
79.04500,0,3,62
79.08500,0,4,61
79.31900,0,5,60
79.35300,0,6,59
79.38700,0,7,58
79.44100,0,8,57
79.49400,0,9,56
79.53500,0,10,55
79.77300,0,11,54
79.79300,0,12,53
79.81800,0,13,52
79.84900,0,14,51
79.97100,0,15,50
80.72300,0,16,49
80.91600,0,17,48
81.03900,0,18,47
81.08300,0,19,46
81.13000,0,20,45
81.15600,0,21,44
81.19300,0,22,43
81.27400,0,23,42
81.30800,0,24,41
81.35600,0,25,40
81.40000,0,26,39
81.43400,0,27,38
81.51900,0,28,37
81.55900,0,29,36
81.58500,0,30,35
81.59000,0,31,34
81.72700,0,32,33
81.78400,0,33,32
81.79600,0,34,31
81.83400,0,35,30
81.89300,0,36,29
81.93300,0,37,28
81.94800,0,38,27
81.97700,0,39,26
82.00500,0,40,25
82.01000,0,41,24
82.03700,0,42,23
82.09600,0,43,22
82.11400,0,44,21
82.16000,0,45,20
82.16300,0,46,19
82.16400,0,47,18
82.19300,0,48,17
82.20000,0,49,16
82.23900,0,50,15
82.43100,0,51,14
82.52300,0,52,13
82.54100,0,53,12
82.57000,0,54,11
82.57900,0,55,10
82.60700,0,56,9
82.67700,0,57,8
82.76500,0,58,7
82.77300,0,59,6
82.97100,0,60,5
83.00300,0,61,4
83.03600,0,62,3
83.07400,0,63,2
83.10700,0,64,1
130.85400,0,64,0
130.87700,0,63,0
130.98400,0,62,0
131.01700,0,61,0
131.25200,0,60,0
131.28600,0,59,0
131.32000,0,58,0
131.37400,0,57,0
131.43900,0,56,0
131.46700,0,55,0
131.70600,0,54,0
131.72600,0,53,0
131.75100,0,52,0
131.78200,0,51,0
131.90300,0,50,0
132.65600,0,49,0
132.84900,0,48,0
132.97200,0,47,0
133.01500,0,46,0
133.06300,0,45,0
133.09500,0,44,0
133.13800,0,43,0
133.20700,0,42,0
133.24100,0,41,0
133.28900,0,40,0
133.33400,0,39,0
133.38200,0,38,0
133.45200,0,37,0
133.49200,0,36,0
133.51700,0,35,0
133.53400,0,34,0
133.67500,0,33,0
133.71700,0,32,0
133.74900,0,31,0
133.76700,0,30,0
133.82500,0,29,0
133.87000,0,28,0
133.88600,0,27,0
133.91000,0,26,0
133.94200,0,25,0
133.95800,0,24,0
133.97500,0,23,0
134.02800,0,22,0
134.04700,0,21,0
134.09200,0,20,0
134.10900,0,19,0
134.12500,0,18,0
134.15800,0,17,0
134.17400,0,16,0
134.19000,0,15,0
134.36400,0,14,0
134.45600,0,13,0
134.47300,0,12,0
134.50300,0,11,0
134.53600,0,10,0
134.55200,0,9,0
134.60900,0,8,0
134.69800,0,7,0
134.71400,0,6,0
134.90300,0,5,0
134.93600,0,4,0
134.96800,0,3,0
135.00700,0,2,0
135.04000,0,1,0
